C51 COMPILER V9.53.0.0   INTERRUPTS                                                        07/17/2019 15:23:14 PAGE 1   


C51 COMPILER V9.53.0.0, COMPILATION OF MODULE INTERRUPTS
OBJECT MODULE PLACED IN .\src\Interrupts.OBJ
COMPILER INVOKED BY: c:\SiliconLabs\SimplicityStudio\v4\developer\toolchains\keil_8051\9.53\BIN\C51.exe C:\Users\uxdai\S
                    -implicityStudio\v4_workspace\EFM8BB3_Blinky\src\Interrupts.c OMF2 SMALL DEBUG OBJECTEXTEND ROM(LARGE) WARNINGLEVEL(2) FL
                    -OATFUZZY(3) OPTIMIZE(8,SPEED) INTVECTOR(0X0000) INTPROMOTE INCDIR(C:\Users\uxdai\SimplicityStudio\v4_workspace\EFM8BB3_B
                    -linky\inc;C:/SiliconLabs/SimplicityStudio/v4/developer/sdks/8051/v4.1.6//Device/shared/si8051Base;C:/SiliconLabs/Simplic
                    -ityStudio/v4/developer/sdks/8051/v4.1.6//Device/EFM8BB3/inc) PRINT(.\src\Interrupts.lst) COND PAGEWIDTH(120) PAGELENGTH(
                    -65) OBJECT(.\src\Interrupts.OBJ)

line level    source

   1          //=========================================================
   2          // src/Interrupts.c: generated by Hardware Configurator
   3          //
   4          // This file will be regenerated when saving a document.
   5          // leave the sections inside the "$[...]" comment tags alone
   6          // or they will be overwritten!
   7          //=========================================================
   8          
   9                   
  10          // USER INCLUDES                        
  11          #include <SI_EFM8BB3_Register_Enums.h>
  12          
  13          //-----------------------------------------------------------------------------
  14          // Global VARIABLES
  15          //-----------------------------------------------------------------------------
  16          int LEDCOUNT = 0;
  17          //-----------------------------------------------------------------------------
  18          // Global CONSTANTS
  19          //-----------------------------------------------------------------------------
  20          SI_SBIT(LED0, SFR_P1, 4);                  // P1.4 LED0
  21          SI_SBIT(LED1, SFR_P1, 5);                  // P1.5 LED1
  22          SI_SBIT(LED2, SFR_P1, 6);                  // P1.6 LED2
  23          
  24          //-----------------------------------------------------------------------------
  25          // TIMER2_ISR
  26          //-----------------------------------------------------------------------------
  27          //
  28          // TIMER2 ISR Content goes here. Remember to clear flag bits:
  29          // TMR2CN::TF2H (Timer # High Byte Overflow Flag)
  30          // TMR2CN::TF2L (Timer # Low Byte Overflow Flag)
  31          //
  32          // This routine changes the state of the LED whenever Timer2 overflows.
  33          //
  34          //-----------------------------------------------------------------------------
  35          SI_INTERRUPT (TIMER2_ISR, TIMER2_IRQn)
  36          {
  37   1              TMR2CN0_TF2H = 0;                  // Clear Timer2 interrupt flag
  38   1      
  39   1              switch (LEDCOUNT)
  40   1              {
  41   2                      case 0:
  42   2                         LED0 = 1;
  43   2                         LED1 = 0;
  44   2                         LED2 = 0;
  45   2                         break;
  46   2                      case 1:
  47   2                         LED0 = 0;
  48   2                         LED1 = 1;
  49   2                         LED2 = 0;
  50   2                         break;
  51   2                      case 2:
C51 COMPILER V9.53.0.0   INTERRUPTS                                                        07/17/2019 15:23:14 PAGE 2   

  52   2                         LED0 = 0;
  53   2                         LED1 = 0;
  54   2                         LED2 = 1;
  55   2                         break;
  56   2                      case 3:
  57   2                         LED0 = 1;
  58   2                         LED1 = 1;
  59   2                         LED2 = 0;
  60   2                         break;
  61   2                      case 4:
  62   2                         LED0 = 0;
  63   2                         LED1 = 1;
  64   2                         LED2 = 1;
  65   2                         break;
  66   2                      case 5:
  67   2                         LED0 = 1;
  68   2                         LED1 = 0;
  69   2                         LED2 = 1;
  70   2                         break;
  71   2                      case 6:
  72   2                         LED0 = 1;
  73   2                         LED1 = 1;
  74   2                         LED2 = 1;
  75   2                         break;
  76   2              }
  77   1      
  78   1              if (LEDCOUNT <= 6) LEDCOUNT++;
  79   1              else LEDCOUNT = 0;
  80   1      }
  81          
  82          


MODULE INFORMATION:   STATIC OVERLAYABLE
   CODE SIZE        =    139    ----
   CONSTANT SIZE    =   ----    ----
   XDATA SIZE       =   ----    ----
   PDATA SIZE       =   ----    ----
   DATA SIZE        =      2    ----
   IDATA SIZE       =   ----    ----
   BIT SIZE         =   ----    ----
   EDATA SIZE       =   ----    ----
   HDATA SIZE       =   ----    ----
   XDATA CONST SIZE =   ----    ----
   FAR CONST SIZE   =   ----    ----
END OF MODULE INFORMATION.


C51 COMPILATION COMPLETE.  0 WARNING(S),  0 ERROR(S)
